<?xml version="1.0" encoding="utf-8"?><testsuites name="pytest tests"><testsuite name="pytest" errors="0" failures="0" skipped="0" tests="5" time="0.931" timestamp="2026-07-09T08:05:21.358561+00:00" hostname="agent-env-5ed2d9b9-4986-4036-add8-f065ff77b2cc"><testcase classname="tests.backend_test.TestFilms" name="test_get_films" time="0.302" /><testcase classname="tests.backend_test.TestContact" name="test_create_contact_valid" time="0.325" /><testcase classname="tests.backend_test.TestContact" name="test_create_contact_invalid_email" time="0.050" /><testcase classname="tests.backend_test.TestContact" name="test_create_contact_missing_fields" time="0.043" /><testcase classname="tests.backend_test.TestContact" name="test_list_contacts_contains_created" time="0.045" /></testsuite></testsuites>